<?xml version="1.0" encoding="UTF-8"?>
<!-- Generated by org.testng.reporters.JUnitReportReporter -->
<testsuite hostname="DESKTOP-73AEGU5" failures="0" tests="1" name="br.com.xerxes.rest.Weather" time="2.570" errors="0" timestamp="2020-11-18T14:02:41 BRT" skipped="0">
  <testcase classname="br.com.xerxes.rest.Weather" name="getWeatherTexasBadRequestTest" time="2.570"/>
  <system-out/>
</testsuite> <!-- br.com.xerxes.rest.Weather -->
